[0224/132750.699:ERROR:directory_reader_win.cc(43)] FindFirstFile: A rendszer nem találja a megadott elérési utat. (0x3)
[0312/131125.670:ERROR:process_memory_win.cc(73)] ReadMemory at 0xfcc0000 of 64 bytes failed: Egy ReadProcessMemory vagy WriteProcessMemory kérésnek csak egy része készült el. (0x12B)
[0312/131126.231:WARNING:pe_image_reader.cc(340)] could not read dos header from C:\Program Files\Google\Chrome\Application\86.0.4240.193\chrome.dll
[0312/131126.231:ERROR:process_memory_win.cc(73)] ReadMemory at 0x6ef30000 of 64 bytes failed: Egy ReadProcessMemory vagy WriteProcessMemory kérésnek csak egy része készült el. (0x12B)
[0312/131126.231:WARNING:pe_image_reader.cc(340)] could not read dos header from C:\Windows\SYSTEM32\dbghelp.dll
[0312/131126.232:ERROR:process_memory_win.cc(73)] ReadMemory at 0x771d0000 of 64 bytes failed: Egy ReadProcessMemory vagy WriteProcessMemory kérésnek csak egy része készült el. (0x12B)
[0312/131126.232:WARNING:pe_image_reader.cc(340)] could not read dos header from C:\Windows\system32\WS2_32.dll
[0312/131126.232:ERROR:process_memory_win.cc(73)] ReadMemory at 0x72480000 of 64 bytes failed: Egy ReadProcessMemory vagy WriteProcessMemory kérésnek csak egy része készült el. (0x12B)
[0312/131126.232:WARNING:pe_image_reader.cc(340)] could not read dos header from C:\Windows\SYSTEM32\IPHLPAPI.DLL
[0312/131126.232:ERROR:process_memory_win.cc(73)] ReadMemory at 0x76c60000 of 64 bytes failed: Egy ReadProcessMemory vagy WriteProcessMemory kérésnek csak egy része készült el. (0x12B)
[0312/131126.232:WARNING:pe_image_reader.cc(340)] could not read dos header from C:\Windows\system32\OLEAUT32.dll
[0312/131126.232:ERROR:process_memory_win.cc(73)] ReadMemory at 0x6c900000 of 64 bytes failed: Egy ReadProcessMemory vagy WriteProcessMemory kérésnek csak egy része készült el. (0x12B)
[0312/131126.232:WARNING:pe_image_reader.cc(340)] could not read dos header from C:\Windows\SYSTEM32\WINMM.dll
[0312/131126.232:ERROR:process_memory_win.cc(73)] ReadMemory at 0x70ab0000 of 64 bytes failed: Egy ReadProcessMemory vagy WriteProcessMemory kérésnek csak egy része készült el. (0x12B)
[0312/131126.233:WARNING:pe_image_reader.cc(340)] could not read dos header from C:\Windows\SYSTEM32\UIAutomationCore.DLL
[0312/131126.233:ERROR:process_memory_win.cc(73)] ReadMemory at 0x6f260000 of 64 bytes failed: Egy ReadProcessMemory vagy WriteProcessMemory kérésnek csak egy része készült el. (0x12B)
[0312/131126.233:WARNING:pe_image_reader.cc(340)] could not read dos header from C:\Windows\SYSTEM32\Secur32.dll
[0312/131126.233:ERROR:process_memory_win.cc(73)] ReadMemory at 0x74e40000 of 64 bytes failed: Egy ReadProcessMemory vagy WriteProcessMemory kérésnek csak egy része készült el. (0x12B)
[0312/131126.233:WARNING:pe_image_reader.cc(340)] could not read dos header from C:\Windows\system32\USERENV.dll
[0312/131126.233:ERROR:process_memory_win.cc(73)] ReadMemory at 0x74bf0000 of 64 bytes failed: Egy ReadProcessMemory vagy WriteProcessMemory kérésnek csak egy része készült el. (0x12B)
[0312/131126.233:WARNING:pe_image_reader.cc(340)] could not read dos header from C:\Windows\system32\WINTRUST.dll
[0312/131126.233:ERROR:process_memory_win.cc(73)] ReadMemory at 0x74cb0000 of 64 bytes failed: Egy ReadProcessMemory vagy WriteProcessMemory kérésnek csak egy része készült el. (0x12B)
[0312/131126.233:WARNING:pe_image_reader.cc(340)] could not read dos header from C:\Windows\system32\CRYPT32.dll
[0312/131126.233:ERROR:process_memory_win.cc(73)] ReadMemory at 0x715f0000 of 64 bytes failed: Egy ReadProcessMemory vagy WriteProcessMemory kérésnek csak egy része készült el. (0x12B)
[0312/131126.233:WARNING:pe_image_reader.cc(340)] could not read dos header from C:\Windows\SYSTEM32\DWrite.dll
[0312/131126.233:ERROR:process_memory_win.cc(73)] ReadMemory at 0x6c5b0000 of 64 bytes failed: Egy ReadProcessMemory vagy WriteProcessMemory kérésnek csak egy része készült el. (0x12B)
[0312/131126.233:WARNING:pe_image_reader.cc(340)] could not read dos header from C:\Windows\SYSTEM32\WINSPOOL.DRV
[0312/131126.234:ERROR:process_memory_win.cc(73)] ReadMemory at 0x6f590000 of 64 bytes failed: Egy ReadProcessMemory vagy WriteProcessMemory kérésnek csak egy része készült el. (0x12B)
[0312/131126.234:WARNING:pe_image_reader.cc(340)] could not read dos header from C:\Windows\SYSTEM32\WINHTTP.dll
[0312/131126.234:ERROR:process_memory_win.cc(73)] ReadMemory at 0x710b0000 of 64 bytes failed: Egy ReadProcessMemory vagy WriteProcessMemory kérésnek csak egy része készült el. (0x12B)
[0312/131126.234:WARNING:pe_image_reader.cc(340)] could not read dos header from C:\Windows\SYSTEM32\dhcpcsvc.DLL
[0312/131126.234:ERROR:process_memory_win.cc(73)] ReadMemory at 0x751a0000 of 64 bytes failed: Egy ReadProcessMemory vagy WriteProcessMemory kérésnek csak egy része készült el. (0x12B)
[0312/131126.234:WARNING:pe_image_reader.cc(340)] could not read dos header from C:\Windows\system32\NSI.dll
[0312/131126.234:ERROR:process_memory_win.cc(73)] ReadMemory at 0x72440000 of 64 bytes failed: Egy ReadProcessMemory vagy WriteProcessMemory kérésnek csak egy része készült el. (0x12B)
[0312/131126.234:WARNING:pe_image_reader.cc(340)] could not read dos header from C:\Windows\SYSTEM32\WINNSI.DLL
[0312/131126.234:ERROR:process_memory_win.cc(73)] ReadMemory at 0x74fa0000 of 64 bytes failed: Egy ReadProcessMemory vagy WriteProcessMemory kérésnek csak egy része készült el. (0x12B)
[0312/131126.234:WARNING:pe_image_reader.cc(340)] could not read dos header from C:\Windows\system32\combase.dll
[0312/131126.234:ERROR:process_memory_win.cc(73)] ReadMemory at 0x6c8d0000 of 64 bytes failed: Egy ReadProcessMemory vagy WriteProcessMemory kérésnek csak egy része készült el. (0x12B)
[0312/131126.235:WARNING:pe_image_reader.cc(340)] could not read dos header from C:\Windows\SYSTEM32\WINMMBASE.dll
[0312/131126.235:ERROR:process_memory_win.cc(73)] ReadMemory at 0x76f50000 of 64 bytes failed: Egy ReadProcessMemory vagy WriteProcessMemory kérésnek csak egy része készült el. (0x12B)
[0312/131126.235:WARNING:pe_image_reader.cc(340)] could not read dos header from C:\Windows\system32\USER32.dll
[0312/131126.235:ERROR:process_memory_win.cc(73)] ReadMemory at 0x74af0000 of 64 bytes failed: Egy ReadProcessMemory vagy WriteProcessMemory kérésnek csak egy része készült el. (0x12B)
[0312/131126.235:WARNING:pe_image_reader.cc(340)] could not read dos header from C:\Windows\system32\profapi.dll
[0312/131126.235:ERROR:process_memory_win.cc(73)] ReadMemory at 0x74b10000 of 64 bytes failed: Egy ReadProcessMemory vagy WriteProcessMemory kérésnek csak egy része készült el. (0x12B)
[0312/131126.235:WARNING:pe_image_reader.cc(340)] could not read dos header from C:\Windows\system32\MSASN1.dll
[0312/131126.235:ERROR:process_memory_win.cc(73)] ReadMemory at 0x74c60000 of 64 bytes failed: Egy ReadProcessMemory vagy WriteProcessMemory kérésnek csak egy része készült el. (0x12B)
[0312/131126.235:WARNING:pe_image_reader.cc(340)] could not read dos header from C:\Windows\SYSTEM32\cfgmgr32.dll
[0312/131126.235:ERROR:process_memory_win.cc(73)] ReadMemory at 0x74c40000 of 64 bytes failed: Egy ReadProcessMemory vagy WriteProcessMemory kérésnek csak egy része készült el. (0x12B)
[0312/131126.235:WARNING:pe_image_reader.cc(340)] could not read dos header from C:\Windows\system32\DEVOBJ.dll
[0312/131126.235:ERROR:process_memory_win.cc(73)] ReadMemory at 0x76a20000 of 64 bytes failed: Egy ReadProcessMemory vagy WriteProcessMemory kérésnek csak egy része készült el. (0x12B)
[0312/131126.235:WARNING:pe_image_reader.cc(340)] could not read dos header from C:\Windows\system32\GDI32.dll
[0312/131126.236:ERROR:process_memory_win.cc(73)] ReadMemory at 0x74880000 of 64 bytes failed: Egy ReadProcessMemory vagy WriteProcessMemory kérésnek csak egy része készült el. (0x12B)
[0312/131126.236:WARNING:pe_image_reader.cc(340)] could not read dos header from C:\Windows\SYSTEM32\SSPICLI.DLL
[0312/131126.236:ERROR:process_memory_win.cc(73)] ReadMemory at 0x76610000 of 64 bytes failed: Egy ReadProcessMemory vagy WriteProcessMemory kérésnek csak egy része készült el. (0x12B)
[0312/131126.236:WARNING:pe_image_reader.cc(340)] could not read dos header from C:\Windows\system32\IMM32.DLL
[0312/131126.236:ERROR:process_memory_win.cc(73)] ReadMemory at 0x76d70000 of 64 bytes failed: Egy ReadProcessMemory vagy WriteProcessMemory kérésnek csak egy része készült el. (0x12B)
[0312/131126.236:WARNING:pe_image_reader.cc(340)] could not read dos header from C:\Windows\system32\MSCTF.dll
[0312/131126.236:ERROR:process_memory_win.cc(73)] ReadMemory at 0x76640000 of 64 bytes failed: Egy ReadProcessMemory vagy WriteProcessMemory kérésnek csak egy része készült el. (0x12B)
[0312/131126.236:WARNING:pe_image_reader.cc(340)] could not read dos header from C:\Windows\system32\ole32.dll
[0312/131126.236:ERROR:process_memory_win.cc(73)] ReadMemory at 0x74920000 of 64 bytes failed: Egy ReadProcessMemory vagy WriteProcessMemory kérésnek csak egy része készült el. (0x12B)
[0312/131126.236:WARNING:pe_image_reader.cc(340)] could not read dos header from C:\Windows\SYSTEM32\cryptbase.dll
[0312/131126.236:ERROR:process_memory_win.cc(73)] ReadMemory at 0x748c0000 of 64 bytes failed: Egy ReadProcessMemory vagy WriteProcessMemory kérésnek csak egy része készült el. (0x12B)
[0312/131126.236:WARNING:pe_image_reader.cc(340)] could not read dos header from C:\Windows\SYSTEM32\bcryptPrimitives.dll
[0312/131126.309:ERROR:process_memory_win.cc(73)] ReadMemory at 0x226000 of 172032 bytes failed: Egy ReadProcessMemory vagy WriteProcessMemory kérésnek csak egy része készült el. (0x12B)
[0312/131126.309:ERROR:process_memory_win.cc(73)] ReadMemory at 0x2cff000 of 4096 bytes failed: Egy ReadProcessMemory vagy WriteProcessMemory kérésnek csak egy része készült el. (0x12B)
[0312/131126.309:ERROR:process_memory_win.cc(73)] ReadMemory at 0x2ffd000 of 12288 bytes failed: Egy ReadProcessMemory vagy WriteProcessMemory kérésnek csak egy része készült el. (0x12B)
[0312/131126.309:ERROR:process_memory_win.cc(73)] ReadMemory at 0x327f000 of 4096 bytes failed: Egy ReadProcessMemory vagy WriteProcessMemory kérésnek csak egy része készült el. (0x12B)
[0312/131126.309:ERROR:process_memory_win.cc(73)] ReadMemory at 0x337e000 of 8192 bytes failed: Egy ReadProcessMemory vagy WriteProcessMemory kérésnek csak egy része készült el. (0x12B)
[0312/131126.309:ERROR:process_memory_win.cc(73)] ReadMemory at 0x3a3d000 of 12288 bytes failed: Egy ReadProcessMemory vagy WriteProcessMemory kérésnek csak egy része készült el. (0x12B)
[0312/131126.309:ERROR:process_memory_win.cc(73)] ReadMemory at 0x3b3c000 of 16384 bytes failed: Egy ReadProcessMemory vagy WriteProcessMemory kérésnek csak egy része készült el. (0x12B)
[0312/131126.310:ERROR:process_memory_win.cc(73)] ReadMemory at 0x3d3d000 of 12288 bytes failed: Egy ReadProcessMemory vagy WriteProcessMemory kérésnek csak egy része készült el. (0x12B)
[0312/131126.310:ERROR:process_memory_win.cc(73)] ReadMemory at 0x3e3d000 of 12288 bytes failed: Egy ReadProcessMemory vagy WriteProcessMemory kérésnek csak egy része készült el. (0x12B)
[0312/131126.310:ERROR:process_memory_win.cc(73)] ReadMemory at 0x3ee3e000 of 8192 bytes failed: Egy ReadProcessMemory vagy WriteProcessMemory kérésnek csak egy része készült el. (0x12B)
[0312/131126.310:ERROR:process_memory_win.cc(73)] ReadMemory at 0x41336000 of 40960 bytes failed: Egy ReadProcessMemory vagy WriteProcessMemory kérésnek csak egy része készült el. (0x12B)
[0312/131126.310:ERROR:process_memory_win.cc(73)] ReadMemory at 0x4b76e000 of 8192 bytes failed: Egy ReadProcessMemory vagy WriteProcessMemory kérésnek csak egy része készült el. (0x12B)
[0312/131126.310:ERROR:process_memory_win.cc(73)] ReadMemory at 0x45ddf000 of 4096 bytes failed: Egy ReadProcessMemory vagy WriteProcessMemory kérésnek csak egy része készült el. (0x12B)
[0312/131126.310:ERROR:process_memory_win.cc(73)] ReadMemory at 0xa2c9000 of 28672 bytes failed: Egy ReadProcessMemory vagy WriteProcessMemory kérésnek csak egy része készült el. (0x12B)
[0312/131126.310:ERROR:process_memory_win.cc(73)] ReadMemory at 0x407ff000 of 4096 bytes failed: Egy ReadProcessMemory vagy WriteProcessMemory kérésnek csak egy része készült el. (0x12B)
[0312/131126.310:ERROR:process_memory_win.cc(73)] ReadMemory at 0xc904a0 of 64 bytes failed: Egy ReadProcessMemory vagy WriteProcessMemory kérésnek csak egy része készült el. (0x12B)
[0312/131126.310:ERROR:process_memory_win.cc(73)] ReadMemory at 0xc904f0 of 72 bytes failed: Egy ReadProcessMemory vagy WriteProcessMemory kérésnek csak egy része készült el. (0x12B)
[0312/131126.310:ERROR:process_memory_win.cc(73)] ReadMemory at 0xc905c8 of 4152 bytes failed: Egy ReadProcessMemory vagy WriteProcessMemory kérésnek csak egy része készült el. (0x12B)
[0312/131126.350:ERROR:process_memory_win.cc(73)] ReadMemory at 0xc91608 of 660 bytes failed: Egy ReadProcessMemory vagy WriteProcessMemory kérésnek csak egy része készült el. (0x12B)
[0312/131126.350:ERROR:process_memory_win.cc(73)] ReadMemory at 0xc91ab0 of 106 bytes failed: Egy ReadProcessMemory vagy WriteProcessMemory kérésnek csak egy része készült el. (0x12B)
[0312/131126.351:ERROR:process_memory_win.cc(73)] ReadMemory at 0xc91b1c of 616 bytes failed: Egy ReadProcessMemory vagy WriteProcessMemory kérésnek csak egy része készült el. (0x12B)
[0312/131126.351:ERROR:process_memory_win.cc(73)] ReadMemory at 0xc91d86 of 106 bytes failed: Egy ReadProcessMemory vagy WriteProcessMemory kérésnek csak egy része készült el. (0x12B)
[0312/131126.351:ERROR:process_memory_win.cc(73)] ReadMemory at 0xc91df2 of 100 bytes failed: Egy ReadProcessMemory vagy WriteProcessMemory kérésnek csak egy része készült el. (0x12B)
[0312/131126.351:ERROR:process_memory_win.cc(73)] ReadMemory at 0xc91e68 of 58 bytes failed: Egy ReadProcessMemory vagy WriteProcessMemory kérésnek csak egy része készült el. (0x12B)
[0312/131126.351:ERROR:process_memory_win.cc(73)] ReadMemory at 0xc91f58 of 72 bytes failed: Egy ReadProcessMemory vagy WriteProcessMemory kérésnek csak egy része készült el. (0x12B)
[0312/131126.351:ERROR:process_memory_win.cc(73)] ReadMemory at 0xc92030 of 72 bytes failed: Egy ReadProcessMemory vagy WriteProcessMemory kérésnek csak egy része készült el. (0x12B)
[0312/131126.351:ERROR:process_memory_win.cc(73)] ReadMemory at 0xc92150 of 114 bytes failed: Egy ReadProcessMemory vagy WriteProcessMemory kérésnek csak egy része készült el. (0x12B)
[0312/131126.351:ERROR:process_memory_win.cc(73)] ReadMemory at 0xc92990 of 68 bytes failed: Egy ReadProcessMemory vagy WriteProcessMemory kérésnek csak egy része készült el. (0x12B)
[0312/131126.351:ERROR:process_memory_win.cc(73)] ReadMemory at 0xc96198 of 72 bytes failed: Egy ReadProcessMemory vagy WriteProcessMemory kérésnek csak egy része készült el. (0x12B)
[0312/131126.351:ERROR:process_memory_win.cc(73)] ReadMemory at 0xc98e58 of 142 bytes failed: Egy ReadProcessMemory vagy WriteProcessMemory kérésnek csak egy része készült el. (0x12B)
[0312/131126.351:ERROR:process_memory_win.cc(73)] ReadMemory at 0xc98ef0 of 72 bytes failed: Egy ReadProcessMemory vagy WriteProcessMemory kérésnek csak egy része készült el. (0x12B)
[0312/131126.351:ERROR:process_memory_win.cc(73)] ReadMemory at 0xc98f90 of 72 bytes failed: Egy ReadProcessMemory vagy WriteProcessMemory kérésnek csak egy része készült el. (0x12B)
[0312/131126.360:ERROR:process_memory_win.cc(73)] ReadMemory at 0xc99030 of 62 bytes failed: Egy ReadProcessMemory vagy WriteProcessMemory kérésnek csak egy része készült el. (0x12B)
[0312/131126.360:ERROR:process_memory_win.cc(73)] ReadMemory at 0xc99cd0 of 60 bytes failed: Egy ReadProcessMemory vagy WriteProcessMemory kérésnek csak egy része készült el. (0x12B)
[0312/131126.360:ERROR:process_memory_win.cc(73)] ReadMemory at 0xc99d18 of 72 bytes failed: Egy ReadProcessMemory vagy WriteProcessMemory kérésnek csak egy része készült el. (0x12B)
[0312/131126.360:ERROR:process_memory_win.cc(73)] ReadMemory at 0xca1560 of 58 bytes failed: Egy ReadProcessMemory vagy WriteProcessMemory kérésnek csak egy része készült el. (0x12B)
[0312/131126.360:ERROR:process_memory_win.cc(73)] ReadMemory at 0xca15f0 of 62 bytes failed: Egy ReadProcessMemory vagy WriteProcessMemory kérésnek csak egy része készült el. (0x12B)
[0312/131126.361:ERROR:process_memory_win.cc(73)] ReadMemory at 0xca1638 of 62 bytes failed: Egy ReadProcessMemory vagy WriteProcessMemory kérésnek csak egy része készült el. (0x12B)
[0312/131126.361:ERROR:process_memory_win.cc(73)] ReadMemory at 0xca1680 of 60 bytes failed: Egy ReadProcessMemory vagy WriteProcessMemory kérésnek csak egy része készült el. (0x12B)
[0312/131126.361:ERROR:process_memory_win.cc(73)] ReadMemory at 0xca1710 of 60 bytes failed: Egy ReadProcessMemory vagy WriteProcessMemory kérésnek csak egy része készült el. (0x12B)
[0312/131126.361:ERROR:process_memory_win.cc(73)] ReadMemory at 0xca17e8 of 62 bytes failed: Egy ReadProcessMemory vagy WriteProcessMemory kérésnek csak egy része készült el. (0x12B)
[0312/131126.361:ERROR:process_memory_win.cc(73)] ReadMemory at 0xca1830 of 62 bytes failed: Egy ReadProcessMemory vagy WriteProcessMemory kérésnek csak egy része készült el. (0x12B)
[0312/131126.361:ERROR:process_memory_win.cc(73)] ReadMemory at 0xca1878 of 60 bytes failed: Egy ReadProcessMemory vagy WriteProcessMemory kérésnek csak egy része készült el. (0x12B)
[0312/131126.361:ERROR:process_memory_win.cc(73)] ReadMemory at 0xca18c0 of 60 bytes failed: Egy ReadProcessMemory vagy WriteProcessMemory kérésnek csak egy része készült el. (0x12B)
[0312/131126.361:ERROR:process_memory_win.cc(73)] ReadMemory at 0xca1908 of 62 bytes failed: Egy ReadProcessMemory vagy WriteProcessMemory kérésnek csak egy része készült el. (0x12B)
[0312/131126.361:ERROR:process_memory_win.cc(73)] ReadMemory at 0xca1950 of 60 bytes failed: Egy ReadProcessMemory vagy WriteProcessMemory kérésnek csak egy része készült el. (0x12B)
[0312/131126.361:ERROR:process_memory_win.cc(73)] ReadMemory at 0xca1998 of 60 bytes failed: Egy ReadProcessMemory vagy WriteProcessMemory kérésnek csak egy része készült el. (0x12B)
[0312/131126.361:ERROR:process_memory_win.cc(73)] ReadMemory at 0xca19e0 of 58 bytes failed: Egy ReadProcessMemory vagy WriteProcessMemory kérésnek csak egy része készült el. (0x12B)
[0312/131126.361:ERROR:process_memory_win.cc(73)] ReadMemory at 0xca1a28 of 62 bytes failed: Egy ReadProcessMemory vagy WriteProcessMemory kérésnek csak egy része készült el. (0x12B)
[0312/131126.361:ERROR:process_memory_win.cc(73)] ReadMemory at 0xca1ab8 of 58 bytes failed: Egy ReadProcessMemory vagy WriteProcessMemory kérésnek csak egy része készült el. (0x12B)
[0312/131126.361:ERROR:process_memory_win.cc(73)] ReadMemory at 0xca1b00 of 62 bytes failed: Egy ReadProcessMemory vagy WriteProcessMemory kérésnek csak egy része készült el. (0x12B)
[0312/131126.361:ERROR:process_memory_win.cc(73)] ReadMemory at 0xca1b48 of 60 bytes failed: Egy ReadProcessMemory vagy WriteProcessMemory kérésnek csak egy része készült el. (0x12B)
[0312/131126.361:ERROR:process_memory_win.cc(73)] ReadMemory at 0xca1b90 of 62 bytes failed: Egy ReadProcessMemory vagy WriteProcessMemory kérésnek csak egy része készült el. (0x12B)
[0312/131126.362:ERROR:process_memory_win.cc(73)] ReadMemory at 0xca1bd8 of 62 bytes failed: Egy ReadProcessMemory vagy WriteProcessMemory kérésnek csak egy része készült el. (0x12B)
[0312/131126.362:ERROR:process_memory_win.cc(73)] ReadMemory at 0xca1c68 of 58 bytes failed: Egy ReadProcessMemory vagy WriteProcessMemory kérésnek csak egy része készült el. (0x12B)
[0312/131126.362:ERROR:process_memory_win.cc(73)] ReadMemory at 0xca1cf0 of 64 bytes failed: Egy ReadProcessMemory vagy WriteProcessMemory kérésnek csak egy része készült el. (0x12B)
[0312/131126.362:ERROR:process_memory_win.cc(73)] ReadMemory at 0xca1d40 of 64 bytes failed: Egy ReadProcessMemory vagy WriteProcessMemory kérésnek csak egy része készült el. (0x12B)
[0312/131126.362:ERROR:process_memory_win.cc(73)] ReadMemory at 0xca23c8 of 72 bytes failed: Egy ReadProcessMemory vagy WriteProcessMemory kérésnek csak egy része készült el. (0x12B)
[0312/131126.362:ERROR:process_memory_win.cc(73)] ReadMemory at 0xca2468 of 72 bytes failed: Egy ReadProcessMemory vagy WriteProcessMemory kérésnek csak egy része készült el. (0x12B)
[0312/131126.362:ERROR:process_memory_win.cc(73)] ReadMemory at 0xca2508 of 80 bytes failed: Egy ReadProcessMemory vagy WriteProcessMemory kérésnek csak egy része készült el. (0x12B)
[0312/131126.362:ERROR:process_memory_win.cc(73)] ReadMemory at 0xca2680 of 54 bytes failed: Egy ReadProcessMemory vagy WriteProcessMemory kérésnek csak egy része készült el. (0x12B)
[0312/131126.362:ERROR:process_memory_win.cc(73)] ReadMemory at 0xca3240 of 134 bytes failed: Egy ReadProcessMemory vagy WriteProcessMemory kérésnek csak egy része készült el. (0x12B)
[0312/131126.362:ERROR:process_memory_win.cc(73)] ReadMemory at 0xca32d0 of 72 bytes failed: Egy ReadProcessMemory vagy WriteProcessMemory kérésnek csak egy része készült el. (0x12B)
[0312/131126.362:ERROR:process_memory_win.cc(73)] ReadMemory at 0xca3cf8 of 72 bytes failed: Egy ReadProcessMemory vagy WriteProcessMemory kérésnek csak egy része készült el. (0x12B)
[0312/131126.362:ERROR:process_memory_win.cc(73)] ReadMemory at 0xca40e0 of 64 bytes failed: Egy ReadProcessMemory vagy WriteProcessMemory kérésnek csak egy része készült el. (0x12B)
[0312/131126.362:ERROR:process_memory_win.cc(73)] ReadMemory at 0xca6560 of 72 bytes failed: Egy ReadProcessMemory vagy WriteProcessMemory kérésnek csak egy része készült el. (0x12B)
[0312/131126.362:ERROR:process_memory_win.cc(73)] ReadMemory at 0xca6600 of 72 bytes failed: Egy ReadProcessMemory vagy WriteProcessMemory kérésnek csak egy része készült el. (0x12B)
[0312/131126.362:ERROR:process_memory_win.cc(73)] ReadMemory at 0xca66a0 of 64 bytes failed: Egy ReadProcessMemory vagy WriteProcessMemory kérésnek csak egy része készült el. (0x12B)
[0312/131126.362:ERROR:process_memory_win.cc(73)] ReadMemory at 0xca6f68 of 72 bytes failed: Egy ReadProcessMemory vagy WriteProcessMemory kérésnek csak egy része készült el. (0x12B)
[0312/131126.362:ERROR:process_memory_win.cc(73)] ReadMemory at 0xca7008 of 72 bytes failed: Egy ReadProcessMemory vagy WriteProcessMemory kérésnek csak egy része készült el. (0x12B)
[0312/131126.379:ERROR:process_memory_win.cc(73)] ReadMemory at 0xca70a8 of 72 bytes failed: Egy ReadProcessMemory vagy WriteProcessMemory kérésnek csak egy része készült el. (0x12B)
[0312/131126.380:ERROR:process_memory_win.cc(73)] ReadMemory at 0xca7148 of 72 bytes failed: Egy ReadProcessMemory vagy WriteProcessMemory kérésnek csak egy része készült el. (0x12B)
[0312/131126.380:ERROR:process_memory_win.cc(73)] ReadMemory at 0xca71e8 of 72 bytes failed: Egy ReadProcessMemory vagy WriteProcessMemory kérésnek csak egy része készült el. (0x12B)
[0312/131126.380:ERROR:process_memory_win.cc(73)] ReadMemory at 0xca7288 of 72 bytes failed: Egy ReadProcessMemory vagy WriteProcessMemory kérésnek csak egy része készült el. (0x12B)
[0312/131126.380:ERROR:process_memory_win.cc(73)] ReadMemory at 0xca7328 of 72 bytes failed: Egy ReadProcessMemory vagy WriteProcessMemory kérésnek csak egy része készült el. (0x12B)
[0312/131126.380:ERROR:process_memory_win.cc(73)] ReadMemory at 0xca73c8 of 72 bytes failed: Egy ReadProcessMemory vagy WriteProcessMemory kérésnek csak egy része készült el. (0x12B)
[0312/131126.380:ERROR:process_memory_win.cc(73)] ReadMemory at 0xca7468 of 72 bytes failed: Egy ReadProcessMemory vagy WriteProcessMemory kérésnek csak egy része készült el. (0x12B)
[0312/131126.380:ERROR:process_memory_win.cc(73)] ReadMemory at 0xca7508 of 72 bytes failed: Egy ReadProcessMemory vagy WriteProcessMemory kérésnek csak egy része készült el. (0x12B)
[0312/131126.380:ERROR:process_memory_win.cc(73)] ReadMemory at 0xca75a8 of 72 bytes failed: Egy ReadProcessMemory vagy WriteProcessMemory kérésnek csak egy része készült el. (0x12B)
[0312/131126.380:ERROR:process_memory_win.cc(73)] ReadMemory at 0xca7648 of 72 bytes failed: Egy ReadProcessMemory vagy WriteProcessMemory kérésnek csak egy része készült el. (0x12B)
[0312/131126.380:ERROR:process_memory_win.cc(73)] ReadMemory at 0xca76e8 of 72 bytes failed: Egy ReadProcessMemory vagy WriteProcessMemory kérésnek csak egy része készült el. (0x12B)
[0312/131126.380:ERROR:process_memory_win.cc(73)] ReadMemory at 0xca7788 of 72 bytes failed: Egy ReadProcessMemory vagy WriteProcessMemory kérésnek csak egy része készült el. (0x12B)
[0312/131126.380:ERROR:process_memory_win.cc(73)] ReadMemory at 0xca7828 of 72 bytes failed: Egy ReadProcessMemory vagy WriteProcessMemory kérésnek csak egy része készült el. (0x12B)
[0312/131126.425:ERROR:process_memory_win.cc(73)] ReadMemory at 0xca78c8 of 72 bytes failed: Egy ReadProcessMemory vagy WriteProcessMemory kérésnek csak egy része készült el. (0x12B)
[0312/131126.426:ERROR:process_memory_win.cc(73)] ReadMemory at 0xca7968 of 72 bytes failed: Egy ReadProcessMemory vagy WriteProcessMemory kérésnek csak egy része készült el. (0x12B)
[0312/131126.426:ERROR:process_memory_win.cc(73)] ReadMemory at 0xca7a08 of 72 bytes failed: Egy ReadProcessMemory vagy WriteProcessMemory kérésnek csak egy része készült el. (0x12B)
[0312/131126.426:ERROR:process_memory_win.cc(73)] ReadMemory at 0xca7aa8 of 72 bytes failed: Egy ReadProcessMemory vagy WriteProcessMemory kérésnek csak egy része készült el. (0x12B)
[0312/131126.426:ERROR:process_memory_win.cc(73)] ReadMemory at 0xca7b48 of 72 bytes failed: Egy ReadProcessMemory vagy WriteProcessMemory kérésnek csak egy része készült el. (0x12B)
[0312/131126.426:ERROR:process_memory_win.cc(73)] ReadMemory at 0xca7be8 of 72 bytes failed: Egy ReadProcessMemory vagy WriteProcessMemory kérésnek csak egy része készült el. (0x12B)
[0312/131126.426:ERROR:process_memory_win.cc(73)] ReadMemory at 0xca7c88 of 72 bytes failed: Egy ReadProcessMemory vagy WriteProcessMemory kérésnek csak egy része készült el. (0x12B)
[0312/131126.427:ERROR:process_memory_win.cc(73)] ReadMemory at 0xca7d28 of 72 bytes failed: Egy ReadProcessMemory vagy WriteProcessMemory kérésnek csak egy része készült el. (0x12B)
[0312/131126.427:ERROR:process_memory_win.cc(73)] ReadMemory at 0xca7dc8 of 72 bytes failed: Egy ReadProcessMemory vagy WriteProcessMemory kérésnek csak egy része készült el. (0x12B)
[0312/131126.427:ERROR:process_memory_win.cc(73)] ReadMemory at 0xca7e68 of 72 bytes failed: Egy ReadProcessMemory vagy WriteProcessMemory kérésnek csak egy része készült el. (0x12B)
[0312/131126.427:ERROR:process_memory_win.cc(73)] ReadMemory at 0xca8c08 of 64 bytes failed: Egy ReadProcessMemory vagy WriteProcessMemory kérésnek csak egy része készült el. (0x12B)
[0312/131126.427:ERROR:process_memory_win.cc(73)] ReadMemory at 0xca8e38 of 64 bytes failed: Egy ReadProcessMemory vagy WriteProcessMemory kérésnek csak egy része készült el. (0x12B)
[0312/131126.427:ERROR:process_memory_win.cc(73)] ReadMemory at 0xca8e88 of 64 bytes failed: Egy ReadProcessMemory vagy WriteProcessMemory kérésnek csak egy része készült el. (0x12B)
[0312/131126.427:ERROR:process_memory_win.cc(73)] ReadMemory at 0xca9068 of 66 bytes failed: Egy ReadProcessMemory vagy WriteProcessMemory kérésnek csak egy része készült el. (0x12B)
[0312/131126.428:ERROR:process_memory_win.cc(73)] ReadMemory at 0xcaf738 of 72 bytes failed: Egy ReadProcessMemory vagy WriteProcessMemory kérésnek csak egy része készült el. (0x12B)
[0312/131126.428:ERROR:process_memory_win.cc(73)] ReadMemory at 0xcafc38 of 72 bytes failed: Egy ReadProcessMemory vagy WriteProcessMemory kérésnek csak egy része készült el. (0x12B)
[0312/131126.428:ERROR:process_memory_win.cc(73)] ReadMemory at 0xcafd78 of 72 bytes failed: Egy ReadProcessMemory vagy WriteProcessMemory kérésnek csak egy része készült el. (0x12B)
[0312/131126.428:ERROR:process_memory_win.cc(73)] ReadMemory at 0xcb03b0 of 58 bytes failed: Egy ReadProcessMemory vagy WriteProcessMemory kérésnek csak egy része készült el. (0x12B)
[0312/131126.428:ERROR:process_memory_win.cc(73)] ReadMemory at 0xcce1e0 of 80 bytes failed: Egy ReadProcessMemory vagy WriteProcessMemory kérésnek csak egy része készült el. (0x12B)
[0312/131126.428:ERROR:process_memory_win.cc(73)] ReadMemory at 0xcd7008 of 66 bytes failed: Egy ReadProcessMemory vagy WriteProcessMemory kérésnek csak egy része készült el. (0x12B)
[0312/131126.429:ERROR:process_memory_win.cc(73)] ReadMemory at 0xce4481 of 512 bytes failed: Egy ReadProcessMemory vagy WriteProcessMemory kérésnek csak egy része készült el. (0x12B)
[0312/131126.429:ERROR:process_memory_win.cc(73)] ReadMemory at 0xcf8808 of 512 bytes failed: Egy ReadProcessMemory vagy WriteProcessMemory kérésnek csak egy része készült el. (0x12B)
[0312/131126.429:ERROR:process_memory_win.cc(73)] ReadMemory at 0xd038f0 of 512 bytes failed: Egy ReadProcessMemory vagy WriteProcessMemory kérésnek csak egy része készült el. (0x12B)
[0312/131126.429:ERROR:process_memory_win.cc(73)] ReadMemory at 0xd09a50 of 512 bytes failed: Egy ReadProcessMemory vagy WriteProcessMemory kérésnek csak egy része készült el. (0x12B)
[0312/131126.526:ERROR:process_memory_win.cc(73)] ReadMemory at 0x2ef00b7 of 512 bytes failed: Egy ReadProcessMemory vagy WriteProcessMemory kérésnek csak egy része készült el. (0x12B)
[0312/131126.527:ERROR:process_memory_win.cc(73)] ReadMemory at 0x4a78434 of 512 bytes failed: Egy ReadProcessMemory vagy WriteProcessMemory kérésnek csak egy része készült el. (0x12B)
[0312/131126.527:ERROR:process_memory_win.cc(73)] ReadMemory at 0x5360a1c of 512 bytes failed: Egy ReadProcessMemory vagy WriteProcessMemory kérésnek csak egy része készült el. (0x12B)
[0312/131126.527:ERROR:process_memory_win.cc(73)] ReadMemory at 0x673a180 of 512 bytes failed: Egy ReadProcessMemory vagy WriteProcessMemory kérésnek csak egy része készült el. (0x12B)
[0312/131126.527:ERROR:process_memory_win.cc(73)] ReadMemory at 0x7300478 of 576 bytes failed: Egy ReadProcessMemory vagy WriteProcessMemory kérésnek csak egy része készült el. (0x12B)
[0312/131126.527:ERROR:process_memory_win.cc(73)] ReadMemory at 0xe922c54 of 512 bytes failed: Egy ReadProcessMemory vagy WriteProcessMemory kérésnek csak egy része készült el. (0x12B)
[0312/131126.528:ERROR:process_memory_win.cc(73)] ReadMemory at 0xf572b40 of 512 bytes failed: Egy ReadProcessMemory vagy WriteProcessMemory kérésnek csak egy része készült el. (0x12B)
[0312/131126.528:ERROR:process_memory_win.cc(73)] ReadMemory at 0x174db3f0 of 512 bytes failed: Egy ReadProcessMemory vagy WriteProcessMemory kérésnek csak egy része készült el. (0x12B)
[0312/131126.528:ERROR:process_memory_win.cc(73)] ReadMemory at 0x5f67ece0 of 512 bytes failed: Egy ReadProcessMemory vagy WriteProcessMemory kérésnek csak egy része készült el. (0x12B)
[0312/131126.528:ERROR:process_memory_win.cc(73)] ReadMemory at 0x5f67f2d0 of 512 bytes failed: Egy ReadProcessMemory vagy WriteProcessMemory kérésnek csak egy része készült el. (0x12B)
[0312/131126.528:ERROR:process_memory_win.cc(73)] ReadMemory at 0x774c70c4 of 512 bytes failed: Egy ReadProcessMemory vagy WriteProcessMemory kérésnek csak egy része készült el. (0x12B)
[0312/131126.528:ERROR:process_memory_win.cc(73)] ReadMemory at 0x774eb3d5 of 512 bytes failed: Egy ReadProcessMemory vagy WriteProcessMemory kérésnek csak egy része készült el. (0x12B)
[0312/131126.529:ERROR:process_memory_win.cc(73)] ReadMemory at 0x774f7568 of 18 bytes failed: Egy ReadProcessMemory vagy WriteProcessMemory kérésnek csak egy része készült el. (0x12B)
[0312/131126.529:ERROR:process_memory_win.cc(73)] ReadMemory at 0x775ad340 of 36 bytes failed: Egy ReadProcessMemory vagy WriteProcessMemory kérésnek csak egy része készült el. (0x12B)
[0312/131126.529:ERROR:process_memory_win.cc(73)] ReadMemory at 0x775ad3e8 of 24 bytes failed: Egy ReadProcessMemory vagy WriteProcessMemory kérésnek csak egy része készült el. (0x12B)
[0312/131126.529:ERROR:process_memory_win.cc(73)] ReadMemory at 0x775adda4 of 32 bytes failed: Egy ReadProcessMemory vagy WriteProcessMemory kérésnek csak egy része készült el. (0x12B)
[0312/131126.560:ERROR:process_memory_win.cc(73)] ReadMemory at 0x7fb36000 of 3992 bytes failed: Egy ReadProcessMemory vagy WriteProcessMemory kérésnek csak egy része készült el. (0x12B)
[0312/131126.560:ERROR:process_memory_win.cc(73)] ReadMemory at 0x7fb39000 of 3992 bytes failed: Egy ReadProcessMemory vagy WriteProcessMemory kérésnek csak egy része készült el. (0x12B)
[0312/131126.560:ERROR:process_memory_win.cc(73)] ReadMemory at 0x7fb3a000 of 3992 bytes failed: Egy ReadProcessMemory vagy WriteProcessMemory kérésnek csak egy része készült el. (0x12B)
[0312/131126.560:ERROR:process_memory_win.cc(73)] ReadMemory at 0x7fb3e000 of 3992 bytes failed: Egy ReadProcessMemory vagy WriteProcessMemory kérésnek csak egy része készült el. (0x12B)
[0312/131126.560:ERROR:process_memory_win.cc(73)] ReadMemory at 0x7fb3f000 of 3992 bytes failed: Egy ReadProcessMemory vagy WriteProcessMemory kérésnek csak egy része készült el. (0x12B)
[0312/131126.658:ERROR:process_memory_win.cc(73)] ReadMemory at 0x7fc63000 of 3992 bytes failed: Egy ReadProcessMemory vagy WriteProcessMemory kérésnek csak egy része készült el. (0x12B)
[0312/131126.658:ERROR:process_memory_win.cc(73)] ReadMemory at 0x7fc65000 of 3992 bytes failed: Egy ReadProcessMemory vagy WriteProcessMemory kérésnek csak egy része készült el. (0x12B)
[0312/131126.658:ERROR:process_memory_win.cc(73)] ReadMemory at 0x7fc66000 of 3992 bytes failed: Egy ReadProcessMemory vagy WriteProcessMemory kérésnek csak egy része készült el. (0x12B)
[0312/131126.658:ERROR:process_memory_win.cc(73)] ReadMemory at 0x7fc67000 of 3992 bytes failed: Egy ReadProcessMemory vagy WriteProcessMemory kérésnek csak egy része készült el. (0x12B)
[0312/131126.658:ERROR:process_memory_win.cc(73)] ReadMemory at 0x7fc68000 of 3992 bytes failed: Egy ReadProcessMemory vagy WriteProcessMemory kérésnek csak egy része készült el. (0x12B)
[0312/131126.658:ERROR:process_memory_win.cc(73)] ReadMemory at 0x7fc69000 of 3992 bytes failed: Egy ReadProcessMemory vagy WriteProcessMemory kérésnek csak egy része készült el. (0x12B)
[0312/131126.658:ERROR:process_memory_win.cc(73)] ReadMemory at 0x7fc6a000 of 3992 bytes failed: Egy ReadProcessMemory vagy WriteProcessMemory kérésnek csak egy része készült el. (0x12B)
[0312/131126.658:ERROR:process_memory_win.cc(73)] ReadMemory at 0x7fc6c000 of 3992 bytes failed: Egy ReadProcessMemory vagy WriteProcessMemory kérésnek csak egy része készült el. (0x12B)
[0312/131126.658:ERROR:process_memory_win.cc(73)] ReadMemory at 0x7fc6d000 of 3992 bytes failed: Egy ReadProcessMemory vagy WriteProcessMemory kérésnek csak egy része készült el. (0x12B)
[0312/131126.658:ERROR:process_memory_win.cc(73)] ReadMemory at 0x7fc6e000 of 3992 bytes failed: Egy ReadProcessMemory vagy WriteProcessMemory kérésnek csak egy része készült el. (0x12B)
[0312/131126.658:ERROR:process_memory_win.cc(73)] ReadMemory at 0x7fc6f000 of 560 bytes failed: Egy ReadProcessMemory vagy WriteProcessMemory kérésnek csak egy része készült el. (0x12B)
[0312/131126.762:ERROR:scoped_process_suspend.cc(40)] NtResumeProcess: Kísérlet történt egy éppen kilépõ folyamat elérésére. (0xc000010a)
[0318/173932.597:ERROR:file_io.cc(135)] WriteFile: A pipe bezárása folyamatban van. (0xE8)
